
4월 06, 2022 23:38:15.617 NEW SESSION
4월 06, 2022 23:38:15.617 [9184:6652:0406/233815.616:ERROR:device_event_log_impl.cc(214)] [23:38:15.616] Bluetooth: bluetooth_adapter_winrt.cc:1075 Getting Default Adapter failed.
4월 07, 2022 24:22:15.700 [19288:2304:0407/002215.699:ERROR:device_event_log_impl.cc(214)] [00:22:15.699] Bluetooth: bluetooth_adapter_winrt.cc:1075 Getting Default Adapter failed.

4월 08, 2022 24:24:18.794 NEW SESSION
4월 08, 2022 24:24:18.794 [17780:12652:0408/002418.791:ERROR:device_event_log_impl.cc(214)] [00:24:18.790] USB: usb_device_handle_win.cc:1049 Failed to read descriptor from node connection: 시스템에 부착된 장치가 작동하지 않습니다. (0x1F)
4월 08, 2022 24:24:18.794 [17780:12652:0408/002418.791:ERROR:device_event_log_impl.cc(214)] [00:24:18.791] USB: usb_device_handle_win.cc:1049 Failed to read descriptor from node connection: 시스템에 부착된 장치가 작동하지 않습니다. (0x1F)
4월 08, 2022 24:25:42.295 [17780:18476:0408/002542.295:ERROR:data_pack.cc(126)] Could not open pak file for writing: 다른 프로세스가 파일을 사용 중이기 때문에 프로세스가 액세스 할 수 없습니다. (0x20)
4월 08, 2022 24:35:00.432 [5124:10252:0408/003500.432:ERROR:device_event_log_impl.cc(214)] [00:35:00.432] USB: usb_device_handle_win.cc:1049 Failed to read descriptor from node connection: 시스템에 부착된 장치가 작동하지 않습니다. (0x1F)
4월 08, 2022 24:35:05.431 [5124:10252:0408/003505.431:ERROR:device_event_log_impl.cc(214)] [00:35:05.431] USB: usb_device_handle_win.cc:1049 Failed to read descriptor from node connection: 스레드 종료 또는 응용 프로그램 요청 때문에 I/O 작업이 취소되었습니다. (0x3E3)
4월 08, 2022 24:35:05.432 [5124:10252:0408/003505.432:ERROR:device_event_log_impl.cc(214)] [00:35:05.431] USB: usb_device_handle_win.cc:1049 Failed to read descriptor from node connection: 시스템에 부착된 장치가 작동하지 않습니다. (0x1F)
4월 08, 2022 24:36:35.417 [4356:12552:0408/003635.417:ERROR:device_event_log_impl.cc(214)] [00:36:35.416] USB: usb_device_handle_win.cc:1049 Failed to read descriptor from node connection: 시스템에 부착된 장치가 작동하지 않습니다. (0x1F)
4월 08, 2022 24:36:35.417 [4356:12552:0408/003635.417:ERROR:device_event_log_impl.cc(214)] [00:36:35.416] USB: usb_device_handle_win.cc:1049 Failed to read descriptor from node connection: 시스템에 부착된 장치가 작동하지 않습니다. (0x1F)
4월 08, 2022 24:37:30.351 [4356:4616:0408/003730.350:ERROR:database.cc(1782)] History SQLite error: code 1555 errno 0: UNIQUE constraint failed: context_annotations.visit_id sql: INSERT INTO context_annotations( visit_id,context_annotation_flags,duration_since_last_visit,page_end_reason,total_foreground_duration )VALUES(?,?,?,?,?)
4월 08, 2022 24:37:44.08 [14248:2236:0408/003744.008:ERROR:device_event_log_impl.cc(214)] [00:37:44.008] USB: usb_device_handle_win.cc:1049 Failed to read descriptor from node connection: 시스템에 부착된 장치가 작동하지 않습니다. (0x1F)
4월 08, 2022 24:37:44.09 [14248:2236:0408/003744.008:ERROR:device_event_log_impl.cc(214)] [00:37:44.009] USB: usb_device_handle_win.cc:1049 Failed to read descriptor from node connection: 시스템에 부착된 장치가 작동하지 않습니다. (0x1F)
4월 08, 2022 24:40:12.369 [13388:18428:0408/004012.369:ERROR:device_event_log_impl.cc(214)] [00:40:12.369] USB: usb_device_handle_win.cc:1049 Failed to read descriptor from node connection: 시스템에 부착된 장치가 작동하지 않습니다. (0x1F)
4월 08, 2022 24:40:12.370 [13388:18428:0408/004012.369:ERROR:device_event_log_impl.cc(214)] [00:40:12.370] USB: usb_device_handle_win.cc:1049 Failed to read descriptor from node connection: 시스템에 부착된 장치가 작동하지 않습니다. (0x1F)
4월 08, 2022 24:40:51.678 [17412:12568:0408/004051.678:ERROR:device_event_log_impl.cc(214)] [00:40:51.679] USB: usb_device_handle_win.cc:1049 Failed to read descriptor from node connection: 시스템에 부착된 장치가 작동하지 않습니다. (0x1F)
4월 08, 2022 24:40:51.679 [17412:12568:0408/004051.678:ERROR:device_event_log_impl.cc(214)] [00:40:51.679] USB: usb_device_handle_win.cc:1049 Failed to read descriptor from node connection: 시스템에 부착된 장치가 작동하지 않습니다. (0x1F)

4월 08, 2022 04:29:03.316 NEW SESSION
4월 08, 2022 04:29:03.316 [17736:15896:0408/042903.314:ERROR:device_event_log_impl.cc(214)] [04:29:03.314] USB: usb_device_handle_win.cc:1049 Failed to read descriptor from node connection: 시스템에 부착된 장치가 작동하지 않습니다. (0x1F)
4월 08, 2022 04:29:03.316 [17736:15896:0408/042903.315:ERROR:device_event_log_impl.cc(214)] [04:29:03.315] USB: usb_device_handle_win.cc:1049 Failed to read descriptor from node connection: 시스템에 부착된 장치가 작동하지 않습니다. (0x1F)
4월 08, 2022 04:29:14.261 [20232:1264:0408/042914.260:ERROR:device_event_log_impl.cc(214)] [04:29:14.260] USB: usb_device_handle_win.cc:1049 Failed to read descriptor from node connection: 시스템에 부착된 장치가 작동하지 않습니다. (0x1F)
4월 08, 2022 04:29:14.262 [20232:1264:0408/042914.261:ERROR:device_event_log_impl.cc(214)] [04:29:14.261] USB: usb_device_handle_win.cc:1049 Failed to read descriptor from node connection: 시스템에 부착된 장치가 작동하지 않습니다. (0x1F)
4월 08, 2022 04:29:51.169 [19136:19836:0408/042951.168:ERROR:device_event_log_impl.cc(214)] [04:29:51.169] USB: usb_device_handle_win.cc:1049 Failed to read descriptor from node connection: 시스템에 부착된 장치가 작동하지 않습니다. (0x1F)
4월 08, 2022 04:29:51.169 [19136:19836:0408/042951.169:ERROR:device_event_log_impl.cc(214)] [04:29:51.169] USB: usb_device_handle_win.cc:1049 Failed to read descriptor from node connection: 시스템에 부착된 장치가 작동하지 않습니다. (0x1F)

4월 11, 2022 14:12:08.50 NEW SESSION
4월 11, 2022 14:12:08.50 [12936:15232:0411/141208.048:ERROR:device_event_log_impl.cc(214)] [14:12:08.048] USB: usb_device_handle_win.cc:1049 Failed to read descriptor from node connection: 시스템에 부착된 장치가 작동하지 않습니다. (0x1F)
4월 11, 2022 14:12:08.51 [12936:15232:0411/141208.049:ERROR:device_event_log_impl.cc(214)] [14:12:08.049] USB: usb_device_handle_win.cc:1049 Failed to read descriptor from node connection: 시스템에 부착된 장치가 작동하지 않습니다. (0x1F)
4월 11, 2022 14:12:32.244 [11444:18952:0411/141232.244:ERROR:device_event_log_impl.cc(214)] [14:12:32.244] USB: usb_device_handle_win.cc:1049 Failed to read descriptor from node connection: 시스템에 부착된 장치가 작동하지 않습니다. (0x1F)
4월 11, 2022 14:12:32.245 [11444:18952:0411/141232.245:ERROR:device_event_log_impl.cc(214)] [14:12:32.244] USB: usb_device_handle_win.cc:1049 Failed to read descriptor from node connection: 시스템에 부착된 장치가 작동하지 않습니다. (0x1F)

4월 13, 2022 05:51:25.92 NEW SESSION
4월 13, 2022 05:51:25.92 [17704:17152:0413/055125.088:ERROR:device_event_log_impl.cc(214)] [05:51:25.088] USB: usb_device_handle_win.cc:1049 Failed to read descriptor from node connection: 시스템에 부착된 장치가 작동하지 않습니다. (0x1F)
4월 13, 2022 05:51:25.95 [17704:17152:0413/055125.089:ERROR:device_event_log_impl.cc(214)] [05:51:25.088] USB: usb_device_handle_win.cc:1049 Failed to read descriptor from node connection: 시스템에 부착된 장치가 작동하지 않습니다. (0x1F)
4월 13, 2022 05:53:41.729 [4312:8792:0413/055341.729:ERROR:device_event_log_impl.cc(214)] [05:53:41.729] USB: usb_device_handle_win.cc:1049 Failed to read descriptor from node connection: 시스템에 부착된 장치가 작동하지 않습니다. (0x1F)
4월 13, 2022 05:53:41.731 [4312:8792:0413/055341.729:ERROR:device_event_log_impl.cc(214)] [05:53:41.729] USB: usb_device_handle_win.cc:1049 Failed to read descriptor from node connection: 시스템에 부착된 장치가 작동하지 않습니다. (0x1F)

4월 18, 2022 06:13:32.135 NEW SESSION
4월 18, 2022 06:13:32.135 [14500:19108:0418/061332.133:ERROR:device_event_log_impl.cc(214)] [06:13:32.133] USB: usb_device_handle_win.cc:1049 Failed to read descriptor from node connection: 시스템에 부착된 장치가 작동하지 않습니다. (0x1F)
4월 18, 2022 06:13:32.137 [14500:19108:0418/061332.134:ERROR:device_event_log_impl.cc(214)] [06:13:32.134] USB: usb_device_handle_win.cc:1049 Failed to read descriptor from node connection: 시스템에 부착된 장치가 작동하지 않습니다. (0x1F)

4월 21, 2022 24:44:50.557 NEW SESSION
4월 21, 2022 24:44:50.557 [15404:8620:0421/004450.554:ERROR:device_event_log_impl.cc(214)] [00:44:50.553] USB: usb_device_handle_win.cc:1049 Failed to read descriptor from node connection: 시스템에 부착된 장치가 작동하지 않습니다. (0x1F)
4월 21, 2022 24:44:50.559 [15404:8620:0421/004450.555:ERROR:device_event_log_impl.cc(214)] [00:44:50.554] USB: usb_device_handle_win.cc:1049 Failed to read descriptor from node connection: 시스템에 부착된 장치가 작동하지 않습니다. (0x1F)
4월 21, 2022 24:57:14.758 [13668:228:0421/005714.757:ERROR:device_event_log_impl.cc(214)] [00:57:14.757] USB: usb_device_handle_win.cc:1049 Failed to read descriptor from node connection: 시스템에 부착된 장치가 작동하지 않습니다. (0x1F)
4월 21, 2022 24:57:14.758 [13668:228:0421/005714.758:ERROR:device_event_log_impl.cc(214)] [00:57:14.758] USB: usb_device_handle_win.cc:1049 Failed to read descriptor from node connection: 시스템에 부착된 장치가 작동하지 않습니다. (0x1F)
